The system is: Darwin - 19.4.0 - x86_64
Compiling the C compiler identification source file "CMakeCCompilerId.c" succeeded.
Compiler: /usr/local/bin/gcc-7 
Build flags: 
Id flags:  

The output was:
0


Compilation of the C compiler identification source "CMakeCCompilerId.c" produced "a.out"

The C compiler identification is GNU, found in "/Volumes/G-DRIVE mobile USB-C/coreProp/bottom_up/cmake-build-debug/CMakeFiles/3.15.3/CompilerIdC/a.out"

Compiling the CXX compiler identification source file "CMakeCXXCompilerId.cpp" succeeded.
Compiler: /usr/local/bin/g++-7 
Build flags: 
Id flags:  

The output was:
0


Compilation of the CXX compiler identification source "CMakeCXXCompilerId.cpp" produced "a.out"

The CXX compiler identification is GNU, found in "/Volumes/G-DRIVE mobile USB-C/coreProp/bottom_up/cmake-build-debug/CMakeFiles/3.15.3/CompilerIdCXX/a.out"

Determining if the C compiler works passed with the following output:
Change Dir: /Volumes/G-DRIVE mobile USB-C/coreProp/bottom_up/cmake-build-debug/CMakeFiles/CMakeTmp

Run Build Command(s):/usr/bin/make cmTC_eeb0f/fast && /Library/Developer/CommandLineTools/usr/bin/make -f CMakeFiles/cmTC_eeb0f.dir/build.make CMakeFiles/cmTC_eeb0f.dir/build
Building C object CMakeFiles/cmTC_eeb0f.dir/testCCompiler.c.o
/usr/local/bin/gcc-7   -isysroot /Library/Developer/CommandLineTools/SDKs/MacOSX10.15.sdk   -o CMakeFiles/cmTC_eeb0f.dir/testCCompiler.c.o   -c "/Volumes/G-DRIVE mobile USB-C/coreProp/bottom_up/cmake-build-debug/CMakeFiles/CMakeTmp/testCCompiler.c"
Linking C executable cmTC_eeb0f
/Applications/CLion.app/Contents/bin/cmake/mac/bin/cmake -E cmake_link_script CMakeFiles/cmTC_eeb0f.dir/link.txt --verbose=1
/usr/local/bin/gcc-7   -isysroot /Library/Developer/CommandLineTools/SDKs/MacOSX10.15.sdk -Wl,-search_paths_first -Wl,-headerpad_max_install_names   CMakeFiles/cmTC_eeb0f.dir/testCCompiler.c.o  -o cmTC_eeb0f 



Detecting C compiler ABI info compiled with the following output:
Change Dir: /Volumes/G-DRIVE mobile USB-C/coreProp/bottom_up/cmake-build-debug/CMakeFiles/CMakeTmp

Run Build Command(s):/usr/bin/make cmTC_3a840/fast && /Library/Developer/CommandLineTools/usr/bin/make -f CMakeFiles/cmTC_3a840.dir/build.make CMakeFiles/cmTC_3a840.dir/build
Building C object CMakeFiles/cmTC_3a840.dir/CMakeCCompilerABI.c.o
/usr/local/bin/gcc-7   -isysroot /Library/Developer/CommandLineTools/SDKs/MacOSX10.15.sdk   -v -Wl,-v -o CMakeFiles/cmTC_3a840.dir/CMakeCCompilerABI.c.o   -c /Applications/CLion.app/Contents/bin/cmake/mac/share/cmake-3.15/Modules/CMakeCCompilerABI.c
Using built-in specs.
COLLECT_GCC=/usr/local/bin/gcc-7
Target: x86_64-apple-darwin19.2.0
Configured with: ../configure --build=x86_64-apple-darwin19.2.0 --prefix=/usr/local/Cellar/gcc@7/7.5.0_1 --libdir=/usr/local/Cellar/gcc@7/7.5.0_1/lib/gcc/7 --enable-languages=c,c++,objc,obj-c++,fortran --program-suffix=-7 --with-gmp=/usr/local/opt/gmp --with-mpfr=/usr/local/opt/mpfr --with-mpc=/usr/local/opt/libmpc --with-isl=/usr/local/opt/isl --with-system-zlib --enable-checking=release --with-pkgversion='Homebrew GCC 7.5.0_1' --with-bugurl=https://github.com/Homebrew/homebrew-core/issues --disable-nls --disable-multilib --with-native-system-header-dir=/usr/include --with-sysroot=/Library/Developer/CommandLineTools/SDKs/MacOSX10.15.sdk
Thread model: posix
gcc version 7.5.0 (Homebrew GCC 7.5.0_1) 
COLLECT_GCC_OPTIONS='-isysroot' '/Library/Developer/CommandLineTools/SDKs/MacOSX10.15.sdk' '-v' '-o' 'CMakeFiles/cmTC_3a840.dir/CMakeCCompilerABI.c.o' '-c' '-mmacosx-version-min=10.15.4' '-asm_macosx_version_min=10.15' '-mtune=core2'
 /usr/local/Cellar/gcc@7/7.5.0_1/libexec/gcc/x86_64-apple-darwin19.2.0/7.5.0/cc1 -quiet -v -D__DYNAMIC__ -isysroot /Library/Developer/CommandLineTools/SDKs/MacOSX10.15.sdk /Applications/CLion.app/Contents/bin/cmake/mac/share/cmake-3.15/Modules/CMakeCCompilerABI.c -fPIC -quiet -dumpbase CMakeCCompilerABI.c -mmacosx-version-min=10.15.4 -mtune=core2 -auxbase-strip CMakeFiles/cmTC_3a840.dir/CMakeCCompilerABI.c.o -version -o /var/folders/j8/2w0twffd7fqcrz2pfqgqh6v80000gn/T//ccIoQ07G.s
GNU C11 (Homebrew GCC 7.5.0_1) version 7.5.0 (x86_64-apple-darwin19.2.0)
	compiled by GNU C version 7.5.0, GMP version 6.1.2, MPFR version 4.0.2, MPC version 1.1.0, isl version isl-0.22.1-GMP

warning: GMP header version 6.1.2 differs from library version 6.2.0.
GGC heuristics: --param ggc-min-expand=100 --param ggc-min-heapsize=131072
ignoring nonexistent directory "/Library/Developer/CommandLineTools/SDKs/MacOSX10.15.sdk/usr/local/include"
ignoring nonexistent directory "/usr/local/Cellar/gcc@7/7.5.0_1/lib/gcc/7/gcc/x86_64-apple-darwin19.2.0/7.5.0/../../../../../../x86_64-apple-darwin19.2.0/include"
ignoring nonexistent directory "/Library/Developer/CommandLineTools/SDKs/MacOSX10.15.sdk/Library/Frameworks"
#include "..." search starts here:
#include <...> search starts here:
 /usr/local/Cellar/gcc@7/7.5.0_1/lib/gcc/7/gcc/x86_64-apple-darwin19.2.0/7.5.0/include
 /usr/local/Cellar/gcc@7/7.5.0_1/lib/gcc/7/gcc/x86_64-apple-darwin19.2.0/7.5.0/include-fixed
 /Library/Developer/CommandLineTools/SDKs/MacOSX10.15.sdk/usr/include
 /Library/Developer/CommandLineTools/SDKs/MacOSX10.15.sdk/System/Library/Frameworks
End of search list.
GNU C11 (Homebrew GCC 7.5.0_1) version 7.5.0 (x86_64-apple-darwin19.2.0)
	compiled by GNU C version 7.5.0, GMP version 6.1.2, MPFR version 4.0.2, MPC version 1.1.0, isl version isl-0.22.1-GMP

warning: GMP header version 6.1.2 differs from library version 6.2.0.
GGC heuristics: --param ggc-min-expand=100 --param ggc-min-heapsize=131072
Compiler executable checksum: 16bd99b92296442ce19ec2f43e0cb8e0
COLLECT_GCC_OPTIONS='-isysroot' '/Library/Developer/CommandLineTools/SDKs/MacOSX10.15.sdk' '-v' '-o' 'CMakeFiles/cmTC_3a840.dir/CMakeCCompilerABI.c.o' '-c' '-mmacosx-version-min=10.15.4'  '-mtune=core2'
 as -arch x86_64 -v -force_cpusubtype_ALL -mmacosx-version-min=10.15 -o CMakeFiles/cmTC_3a840.dir/CMakeCCompilerABI.c.o /var/folders/j8/2w0twffd7fqcrz2pfqgqh6v80000gn/T//ccIoQ07G.s
Apple clang version 11.0.3 (clang-1103.0.32.29)
Target: x86_64-apple-darwin19.4.0
Thread model: posix
InstalledDir: /Library/Developer/CommandLineTools/usr/bin
 "/Library/Developer/CommandLineTools/usr/bin/clang" -cc1as -triple x86_64-apple-macosx10.15.0 -filetype obj -main-file-name ccIoQ07G.s -target-cpu penryn -fdebug-compilation-dir "/Volumes/G-DRIVE mobile USB-C/coreProp/bottom_up/cmake-build-debug/CMakeFiles/CMakeTmp" -dwarf-debug-producer "Apple clang version 11.0.3 (clang-1103.0.32.29)" -dwarf-version=4 -mrelocation-model pic -o CMakeFiles/cmTC_3a840.dir/CMakeCCompilerABI.c.o /var/folders/j8/2w0twffd7fqcrz2pfqgqh6v80000gn/T//ccIoQ07G.s
COMPILER_PATH=/usr/local/Cellar/gcc@7/7.5.0_1/libexec/gcc/x86_64-apple-darwin19.2.0/7.5.0/:/usr/local/Cellar/gcc@7/7.5.0_1/libexec/gcc/x86_64-apple-darwin19.2.0/7.5.0/:/usr/local/Cellar/gcc@7/7.5.0_1/libexec/gcc/x86_64-apple-darwin19.2.0/:/usr/local/Cellar/gcc@7/7.5.0_1/lib/gcc/7/gcc/x86_64-apple-darwin19.2.0/7.5.0/:/usr/local/Cellar/gcc@7/7.5.0_1/lib/gcc/7/gcc/x86_64-apple-darwin19.2.0/
LIBRARY_PATH=/usr/local/Cellar/gcc@7/7.5.0_1/lib/gcc/7/gcc/x86_64-apple-darwin19.2.0/7.5.0/:/usr/local/Cellar/gcc@7/7.5.0_1/lib/gcc/7/gcc/x86_64-apple-darwin19.2.0/7.5.0/../../../
COLLECT_GCC_OPTIONS='-isysroot' '/Library/Developer/CommandLineTools/SDKs/MacOSX10.15.sdk' '-v' '-o' 'CMakeFiles/cmTC_3a840.dir/CMakeCCompilerABI.c.o' '-c' '-mmacosx-version-min=10.15.4'  '-mtune=core2'
Linking C executable cmTC_3a840
/Applications/CLion.app/Contents/bin/cmake/mac/bin/cmake -E cmake_link_script CMakeFiles/cmTC_3a840.dir/link.txt --verbose=1
/usr/local/bin/gcc-7   -isysroot /Library/Developer/CommandLineTools/SDKs/MacOSX10.15.sdk -Wl,-search_paths_first -Wl,-headerpad_max_install_names  -v -Wl,-v CMakeFiles/cmTC_3a840.dir/CMakeCCompilerABI.c.o  -o cmTC_3a840 
Using built-in specs.
COLLECT_GCC=/usr/local/bin/gcc-7
COLLECT_LTO_WRAPPER=/usr/local/Cellar/gcc@7/7.5.0_1/libexec/gcc/x86_64-apple-darwin19.2.0/7.5.0/lto-wrapper
Target: x86_64-apple-darwin19.2.0
Configured with: ../configure --build=x86_64-apple-darwin19.2.0 --prefix=/usr/local/Cellar/gcc@7/7.5.0_1 --libdir=/usr/local/Cellar/gcc@7/7.5.0_1/lib/gcc/7 --enable-languages=c,c++,objc,obj-c++,fortran --program-suffix=-7 --with-gmp=/usr/local/opt/gmp --with-mpfr=/usr/local/opt/mpfr --with-mpc=/usr/local/opt/libmpc --with-isl=/usr/local/opt/isl --with-system-zlib --enable-checking=release --with-pkgversion='Homebrew GCC 7.5.0_1' --with-bugurl=https://github.com/Homebrew/homebrew-core/issues --disable-nls --disable-multilib --with-native-system-header-dir=/usr/include --with-sysroot=/Library/Developer/CommandLineTools/SDKs/MacOSX10.15.sdk
Thread model: posix
gcc version 7.5.0 (Homebrew GCC 7.5.0_1) 
COMPILER_PATH=/usr/local/Cellar/gcc@7/7.5.0_1/libexec/gcc/x86_64-apple-darwin19.2.0/7.5.0/:/usr/local/Cellar/gcc@7/7.5.0_1/libexec/gcc/x86_64-apple-darwin19.2.0/7.5.0/:/usr/local/Cellar/gcc@7/7.5.0_1/libexec/gcc/x86_64-apple-darwin19.2.0/:/usr/local/Cellar/gcc@7/7.5.0_1/lib/gcc/7/gcc/x86_64-apple-darwin19.2.0/7.5.0/:/usr/local/Cellar/gcc@7/7.5.0_1/lib/gcc/7/gcc/x86_64-apple-darwin19.2.0/
LIBRARY_PATH=/usr/local/Cellar/gcc@7/7.5.0_1/lib/gcc/7/gcc/x86_64-apple-darwin19.2.0/7.5.0/:/usr/local/Cellar/gcc@7/7.5.0_1/lib/gcc/7/gcc/x86_64-apple-darwin19.2.0/7.5.0/../../../
COLLECT_GCC_OPTIONS='-isysroot' '/Library/Developer/CommandLineTools/SDKs/MacOSX10.15.sdk' '-v' '-o' 'cmTC_3a840' '-mmacosx-version-min=10.15.4' '-asm_macosx_version_min=10.15' '-mtune=core2'
 /usr/local/Cellar/gcc@7/7.5.0_1/libexec/gcc/x86_64-apple-darwin19.2.0/7.5.0/collect2 -dynamic -arch x86_64 -macosx_version_min 10.15.4 -syslibroot /Library/Developer/CommandLineTools/SDKs/MacOSX10.15.sdk -weak_reference_mismatches non-weak -o cmTC_3a840 -L/usr/local/Cellar/gcc@7/7.5.0_1/lib/gcc/7/gcc/x86_64-apple-darwin19.2.0/7.5.0 -L/usr/local/Cellar/gcc@7/7.5.0_1/lib/gcc/7/gcc/x86_64-apple-darwin19.2.0/7.5.0/../../.. -search_paths_first -headerpad_max_install_names -v CMakeFiles/cmTC_3a840.dir/CMakeCCompilerABI.c.o -no_compact_unwind -lSystem -lgcc_ext.10.5 -lgcc -lSystem -no_compact_unwind -v
collect2 version 7.5.0
/usr/bin/ld -dynamic -arch x86_64 -macosx_version_min 10.15.4 -syslibroot /Library/Developer/CommandLineTools/SDKs/MacOSX10.15.sdk -weak_reference_mismatches non-weak -o cmTC_3a840 -L/usr/local/Cellar/gcc@7/7.5.0_1/lib/gcc/7/gcc/x86_64-apple-darwin19.2.0/7.5.0 -L/usr/local/Cellar/gcc@7/7.5.0_1/lib/gcc/7/gcc/x86_64-apple-darwin19.2.0/7.5.0/../../.. -search_paths_first -headerpad_max_install_names -v CMakeFiles/cmTC_3a840.dir/CMakeCCompilerABI.c.o -no_compact_unwind -lSystem -lgcc_ext.10.5 -lgcc -lSystem -no_compact_unwind -v
@(#)PROGRAM:ld  PROJECT:ld64-556.5
BUILD 19:04:29 Mar  6 2020
configured to support archs: armv6 armv7 armv7s arm64 arm64e arm64_32 i386 x86_64 x86_64h armv6m armv7k armv7m armv7em
@(#)PROGRAM:ld  PROJECT:ld64-556.5
BUILD 19:04:29 Mar  6 2020
configured to support archs: armv6 armv7 armv7s arm64 arm64e arm64_32 i386 x86_64 x86_64h armv6m armv7k armv7m armv7em
Library search paths:
	/usr/local/Cellar/gcc@7/7.5.0_1/lib/gcc/7/gcc/x86_64-apple-darwin19.2.0/7.5.0
	/usr/local/Cellar/gcc@7/7.5.0_1/lib/gcc/7
	/Library/Developer/CommandLineTools/SDKs/MacOSX10.15.sdk/usr/lib
Framework search paths:
	/Library/Developer/CommandLineTools/SDKs/MacOSX10.15.sdk/System/Library/Frameworks/
 /usr/bin/nm -n CMakeFiles/cmTC_3a840.dir/CMakeCCompilerABI.c.o



Parsed C implicit include dir info from above output: rv=done
  found start of include info
  found start of implicit include info
    add: [/usr/local/Cellar/gcc@7/7.5.0_1/lib/gcc/7/gcc/x86_64-apple-darwin19.2.0/7.5.0/include]
    add: [/usr/local/Cellar/gcc@7/7.5.0_1/lib/gcc/7/gcc/x86_64-apple-darwin19.2.0/7.5.0/include-fixed]
    add: [/Library/Developer/CommandLineTools/SDKs/MacOSX10.15.sdk/usr/include]
    add: [/Library/Developer/CommandLineTools/SDKs/MacOSX10.15.sdk/System/Library/Frameworks]
  end of search list found
  collapse include dir [/usr/local/Cellar/gcc@7/7.5.0_1/lib/gcc/7/gcc/x86_64-apple-darwin19.2.0/7.5.0/include] ==> [/usr/local/Cellar/gcc@7/7.5.0_1/lib/gcc/7/gcc/x86_64-apple-darwin19.2.0/7.5.0/include]
  collapse include dir [/usr/local/Cellar/gcc@7/7.5.0_1/lib/gcc/7/gcc/x86_64-apple-darwin19.2.0/7.5.0/include-fixed] ==> [/usr/local/Cellar/gcc@7/7.5.0_1/lib/gcc/7/gcc/x86_64-apple-darwin19.2.0/7.5.0/include-fixed]
  collapse include dir [/Library/Developer/CommandLineTools/SDKs/MacOSX10.15.sdk/usr/include] ==> [/Library/Developer/CommandLineTools/SDKs/MacOSX10.15.sdk/usr/include]
  collapse include dir [/Library/Developer/CommandLineTools/SDKs/MacOSX10.15.sdk/System/Library/Frameworks] ==> [/Library/Developer/CommandLineTools/SDKs/MacOSX10.15.sdk/System/Library/Frameworks]
  implicit include dirs: [/usr/local/Cellar/gcc@7/7.5.0_1/lib/gcc/7/gcc/x86_64-apple-darwin19.2.0/7.5.0/include;/usr/local/Cellar/gcc@7/7.5.0_1/lib/gcc/7/gcc/x86_64-apple-darwin19.2.0/7.5.0/include-fixed;/Library/Developer/CommandLineTools/SDKs/MacOSX10.15.sdk/usr/include;/Library/Developer/CommandLineTools/SDKs/MacOSX10.15.sdk/System/Library/Frameworks]


Parsed C implicit link information from above output:
  link line regex: [^( *|.*[/\])(ld|CMAKE_LINK_STARTFILE-NOTFOUND|([^/\]+-)?ld|collect2)[^/\]*( |$)]
  ignore line: [Change Dir: /Volumes/G-DRIVE mobile USB-C/coreProp/bottom_up/cmake-build-debug/CMakeFiles/CMakeTmp]
  ignore line: []
  ignore line: [Run Build Command(s):/usr/bin/make cmTC_3a840/fast && /Library/Developer/CommandLineTools/usr/bin/make -f CMakeFiles/cmTC_3a840.dir/build.make CMakeFiles/cmTC_3a840.dir/build]
  ignore line: [Building C object CMakeFiles/cmTC_3a840.dir/CMakeCCompilerABI.c.o]
  ignore line: [/usr/local/bin/gcc-7   -isysroot /Library/Developer/CommandLineTools/SDKs/MacOSX10.15.sdk   -v -Wl,-v -o CMakeFiles/cmTC_3a840.dir/CMakeCCompilerABI.c.o   -c /Applications/CLion.app/Contents/bin/cmake/mac/share/cmake-3.15/Modules/CMakeCCompilerABI.c]
  ignore line: [Using built-in specs.]
  ignore line: [COLLECT_GCC=/usr/local/bin/gcc-7]
  ignore line: [Target: x86_64-apple-darwin19.2.0]
  ignore line: [Configured with: ../configure --build=x86_64-apple-darwin19.2.0 --prefix=/usr/local/Cellar/gcc@7/7.5.0_1 --libdir=/usr/local/Cellar/gcc@7/7.5.0_1/lib/gcc/7 --enable-languages=c,c++,objc,obj-c++,fortran --program-suffix=-7 --with-gmp=/usr/local/opt/gmp --with-mpfr=/usr/local/opt/mpfr --with-mpc=/usr/local/opt/libmpc --with-isl=/usr/local/opt/isl --with-system-zlib --enable-checking=release --with-pkgversion='Homebrew GCC 7.5.0_1' --with-bugurl=https://github.com/Homebrew/homebrew-core/issues --disable-nls --disable-multilib --with-native-system-header-dir=/usr/include --with-sysroot=/Library/Developer/CommandLineTools/SDKs/MacOSX10.15.sdk]
  ignore line: [Thread model: posix]
  ignore line: [gcc version 7.5.0 (Homebrew GCC 7.5.0_1) ]
  ignore line: [COLLECT_GCC_OPTIONS='-isysroot' '/Library/Developer/CommandLineTools/SDKs/MacOSX10.15.sdk' '-v' '-o' 'CMakeFiles/cmTC_3a840.dir/CMakeCCompilerABI.c.o' '-c' '-mmacosx-version-min=10.15.4' '-asm_macosx_version_min=10.15' '-mtune=core2']
  ignore line: [ /usr/local/Cellar/gcc@7/7.5.0_1/libexec/gcc/x86_64-apple-darwin19.2.0/7.5.0/cc1 -quiet -v -D__DYNAMIC__ -isysroot /Library/Developer/CommandLineTools/SDKs/MacOSX10.15.sdk /Applications/CLion.app/Contents/bin/cmake/mac/share/cmake-3.15/Modules/CMakeCCompilerABI.c -fPIC -quiet -dumpbase CMakeCCompilerABI.c -mmacosx-version-min=10.15.4 -mtune=core2 -auxbase-strip CMakeFiles/cmTC_3a840.dir/CMakeCCompilerABI.c.o -version -o /var/folders/j8/2w0twffd7fqcrz2pfqgqh6v80000gn/T//ccIoQ07G.s]
  ignore line: [GNU C11 (Homebrew GCC 7.5.0_1) version 7.5.0 (x86_64-apple-darwin19.2.0)]
  ignore line: [	compiled by GNU C version 7.5.0, GMP version 6.1.2, MPFR version 4.0.2, MPC version 1.1.0, isl version isl-0.22.1-GMP]
  ignore line: []
  ignore line: [warning: GMP header version 6.1.2 differs from library version 6.2.0.]
  ignore line: [GGC heuristics: --param ggc-min-expand=100 --param ggc-min-heapsize=131072]
  ignore line: [ignoring nonexistent directory "/Library/Developer/CommandLineTools/SDKs/MacOSX10.15.sdk/usr/local/include"]
  ignore line: [ignoring nonexistent directory "/usr/local/Cellar/gcc@7/7.5.0_1/lib/gcc/7/gcc/x86_64-apple-darwin19.2.0/7.5.0/../../../../../../x86_64-apple-darwin19.2.0/include"]
  ignore line: [ignoring nonexistent directory "/Library/Developer/CommandLineTools/SDKs/MacOSX10.15.sdk/Library/Frameworks"]
  ignore line: [#include "..." search starts here:]
  ignore line: [#include <...> search starts here:]
  ignore line: [ /usr/local/Cellar/gcc@7/7.5.0_1/lib/gcc/7/gcc/x86_64-apple-darwin19.2.0/7.5.0/include]
  ignore line: [ /usr/local/Cellar/gcc@7/7.5.0_1/lib/gcc/7/gcc/x86_64-apple-darwin19.2.0/7.5.0/include-fixed]
  ignore line: [ /Library/Developer/CommandLineTools/SDKs/MacOSX10.15.sdk/usr/include]
  ignore line: [ /Library/Developer/CommandLineTools/SDKs/MacOSX10.15.sdk/System/Library/Frameworks]
  ignore line: [End of search list.]
  ignore line: [GNU C11 (Homebrew GCC 7.5.0_1) version 7.5.0 (x86_64-apple-darwin19.2.0)]
  ignore line: [	compiled by GNU C version 7.5.0, GMP version 6.1.2, MPFR version 4.0.2, MPC version 1.1.0, isl version isl-0.22.1-GMP]
  ignore line: []
  ignore line: [warning: GMP header version 6.1.2 differs from library version 6.2.0.]
  ignore line: [GGC heuristics: --param ggc-min-expand=100 --param ggc-min-heapsize=131072]
  ignore line: [Compiler executable checksum: 16bd99b92296442ce19ec2f43e0cb8e0]
  ignore line: [COLLECT_GCC_OPTIONS='-isysroot' '/Library/Developer/CommandLineTools/SDKs/MacOSX10.15.sdk' '-v' '-o' 'CMakeFiles/cmTC_3a840.dir/CMakeCCompilerABI.c.o' '-c' '-mmacosx-version-min=10.15.4'  '-mtune=core2']
  ignore line: [ as -arch x86_64 -v -force_cpusubtype_ALL -mmacosx-version-min=10.15 -o CMakeFiles/cmTC_3a840.dir/CMakeCCompilerABI.c.o /var/folders/j8/2w0twffd7fqcrz2pfqgqh6v80000gn/T//ccIoQ07G.s]
  ignore line: [Apple clang version 11.0.3 (clang-1103.0.32.29)]
  ignore line: [Target: x86_64-apple-darwin19.4.0]
  ignore line: [Thread model: posix]
  ignore line: [InstalledDir: /Library/Developer/CommandLineTools/usr/bin]
  ignore line: [ "/Library/Developer/CommandLineTools/usr/bin/clang" -cc1as -triple x86_64-apple-macosx10.15.0 -filetype obj -main-file-name ccIoQ07G.s -target-cpu penryn -fdebug-compilation-dir "/Volumes/G-DRIVE mobile USB-C/coreProp/bottom_up/cmake-build-debug/CMakeFiles/CMakeTmp" -dwarf-debug-producer "Apple clang version 11.0.3 (clang-1103.0.32.29)" -dwarf-version=4 -mrelocation-model pic -o CMakeFiles/cmTC_3a840.dir/CMakeCCompilerABI.c.o /var/folders/j8/2w0twffd7fqcrz2pfqgqh6v80000gn/T//ccIoQ07G.s]
  ignore line: [COMPILER_PATH=/usr/local/Cellar/gcc@7/7.5.0_1/libexec/gcc/x86_64-apple-darwin19.2.0/7.5.0/:/usr/local/Cellar/gcc@7/7.5.0_1/libexec/gcc/x86_64-apple-darwin19.2.0/7.5.0/:/usr/local/Cellar/gcc@7/7.5.0_1/libexec/gcc/x86_64-apple-darwin19.2.0/:/usr/local/Cellar/gcc@7/7.5.0_1/lib/gcc/7/gcc/x86_64-apple-darwin19.2.0/7.5.0/:/usr/local/Cellar/gcc@7/7.5.0_1/lib/gcc/7/gcc/x86_64-apple-darwin19.2.0/]
  ignore line: [LIBRARY_PATH=/usr/local/Cellar/gcc@7/7.5.0_1/lib/gcc/7/gcc/x86_64-apple-darwin19.2.0/7.5.0/:/usr/local/Cellar/gcc@7/7.5.0_1/lib/gcc/7/gcc/x86_64-apple-darwin19.2.0/7.5.0/../../../]
  ignore line: [COLLECT_GCC_OPTIONS='-isysroot' '/Library/Developer/CommandLineTools/SDKs/MacOSX10.15.sdk' '-v' '-o' 'CMakeFiles/cmTC_3a840.dir/CMakeCCompilerABI.c.o' '-c' '-mmacosx-version-min=10.15.4'  '-mtune=core2']
  ignore line: [Linking C executable cmTC_3a840]
  ignore line: [/Applications/CLion.app/Contents/bin/cmake/mac/bin/cmake -E cmake_link_script CMakeFiles/cmTC_3a840.dir/link.txt --verbose=1]
  ignore line: [/usr/local/bin/gcc-7   -isysroot /Library/Developer/CommandLineTools/SDKs/MacOSX10.15.sdk -Wl,-search_paths_first -Wl,-headerpad_max_install_names  -v -Wl,-v CMakeFiles/cmTC_3a840.dir/CMakeCCompilerABI.c.o  -o cmTC_3a840 ]
  ignore line: [Using built-in specs.]
  ignore line: [COLLECT_GCC=/usr/local/bin/gcc-7]
  ignore line: [COLLECT_LTO_WRAPPER=/usr/local/Cellar/gcc@7/7.5.0_1/libexec/gcc/x86_64-apple-darwin19.2.0/7.5.0/lto-wrapper]
  ignore line: [Target: x86_64-apple-darwin19.2.0]
  ignore line: [Configured with: ../configure --build=x86_64-apple-darwin19.2.0 --prefix=/usr/local/Cellar/gcc@7/7.5.0_1 --libdir=/usr/local/Cellar/gcc@7/7.5.0_1/lib/gcc/7 --enable-languages=c,c++,objc,obj-c++,fortran --program-suffix=-7 --with-gmp=/usr/local/opt/gmp --with-mpfr=/usr/local/opt/mpfr --with-mpc=/usr/local/opt/libmpc --with-isl=/usr/local/opt/isl --with-system-zlib --enable-checking=release --with-pkgversion='Homebrew GCC 7.5.0_1' --with-bugurl=https://github.com/Homebrew/homebrew-core/issues --disable-nls --disable-multilib --with-native-system-header-dir=/usr/include --with-sysroot=/Library/Developer/CommandLineTools/SDKs/MacOSX10.15.sdk]
  ignore line: [Thread model: posix]
  ignore line: [gcc version 7.5.0 (Homebrew GCC 7.5.0_1) ]
  ignore line: [COMPILER_PATH=/usr/local/Cellar/gcc@7/7.5.0_1/libexec/gcc/x86_64-apple-darwin19.2.0/7.5.0/:/usr/local/Cellar/gcc@7/7.5.0_1/libexec/gcc/x86_64-apple-darwin19.2.0/7.5.0/:/usr/local/Cellar/gcc@7/7.5.0_1/libexec/gcc/x86_64-apple-darwin19.2.0/:/usr/local/Cellar/gcc@7/7.5.0_1/lib/gcc/7/gcc/x86_64-apple-darwin19.2.0/7.5.0/:/usr/local/Cellar/gcc@7/7.5.0_1/lib/gcc/7/gcc/x86_64-apple-darwin19.2.0/]
  ignore line: [LIBRARY_PATH=/usr/local/Cellar/gcc@7/7.5.0_1/lib/gcc/7/gcc/x86_64-apple-darwin19.2.0/7.5.0/:/usr/local/Cellar/gcc@7/7.5.0_1/lib/gcc/7/gcc/x86_64-apple-darwin19.2.0/7.5.0/../../../]
  ignore line: [COLLECT_GCC_OPTIONS='-isysroot' '/Library/Developer/CommandLineTools/SDKs/MacOSX10.15.sdk' '-v' '-o' 'cmTC_3a840' '-mmacosx-version-min=10.15.4' '-asm_macosx_version_min=10.15' '-mtune=core2']
  link line: [ /usr/local/Cellar/gcc@7/7.5.0_1/libexec/gcc/x86_64-apple-darwin19.2.0/7.5.0/collect2 -dynamic -arch x86_64 -macosx_version_min 10.15.4 -syslibroot /Library/Developer/CommandLineTools/SDKs/MacOSX10.15.sdk -weak_reference_mismatches non-weak -o cmTC_3a840 -L/usr/local/Cellar/gcc@7/7.5.0_1/lib/gcc/7/gcc/x86_64-apple-darwin19.2.0/7.5.0 -L/usr/local/Cellar/gcc@7/7.5.0_1/lib/gcc/7/gcc/x86_64-apple-darwin19.2.0/7.5.0/../../.. -search_paths_first -headerpad_max_install_names -v CMakeFiles/cmTC_3a840.dir/CMakeCCompilerABI.c.o -no_compact_unwind -lSystem -lgcc_ext.10.5 -lgcc -lSystem -no_compact_unwind -v]
    arg [/usr/local/Cellar/gcc@7/7.5.0_1/libexec/gcc/x86_64-apple-darwin19.2.0/7.5.0/collect2] ==> ignore
    arg [-dynamic] ==> ignore
    arg [-arch] ==> ignore
    arg [x86_64] ==> ignore
    arg [-macosx_version_min] ==> ignore
    arg [10.15.4] ==> ignore
    arg [-syslibroot] ==> ignore
    arg [/Library/Developer/CommandLineTools/SDKs/MacOSX10.15.sdk] ==> ignore
    arg [-weak_reference_mismatches] ==> ignore
    arg [non-weak] ==> ignore
    arg [-o] ==> ignore
    arg [cmTC_3a840] ==> ignore
    arg [-L/usr/local/Cellar/gcc@7/7.5.0_1/lib/gcc/7/gcc/x86_64-apple-darwin19.2.0/7.5.0] ==> dir [/usr/local/Cellar/gcc@7/7.5.0_1/lib/gcc/7/gcc/x86_64-apple-darwin19.2.0/7.5.0]
    arg [-L/usr/local/Cellar/gcc@7/7.5.0_1/lib/gcc/7/gcc/x86_64-apple-darwin19.2.0/7.5.0/../../..] ==> dir [/usr/local/Cellar/gcc@7/7.5.0_1/lib/gcc/7/gcc/x86_64-apple-darwin19.2.0/7.5.0/../../..]
    arg [-search_paths_first] ==> ignore
    arg [-headerpad_max_install_names] ==> ignore
    arg [-v] ==> ignore
    arg [CMakeFiles/cmTC_3a840.dir/CMakeCCompilerABI.c.o] ==> ignore
    arg [-no_compact_unwind] ==> ignore
    arg [-lSystem] ==> lib [System]
    arg [-lgcc_ext.10.5] ==> lib [gcc_ext.10.5]
    arg [-lgcc] ==> lib [gcc]
    arg [-lSystem] ==> lib [System]
    arg [-no_compact_unwind] ==> ignore
    arg [-v] ==> ignore
  Library search paths: [;/usr/local/Cellar/gcc@7/7.5.0_1/lib/gcc/7/gcc/x86_64-apple-darwin19.2.0/7.5.0;/usr/local/Cellar/gcc@7/7.5.0_1/lib/gcc/7;/Library/Developer/CommandLineTools/SDKs/MacOSX10.15.sdk/usr/lib]
  Framework search paths: [;/Library/Developer/CommandLineTools/SDKs/MacOSX10.15.sdk/System/Library/Frameworks/]
  remove lib [System]
  remove lib [System]
  collapse library dir [/usr/local/Cellar/gcc@7/7.5.0_1/lib/gcc/7/gcc/x86_64-apple-darwin19.2.0/7.5.0] ==> [/usr/local/Cellar/gcc@7/7.5.0_1/lib/gcc/7/gcc/x86_64-apple-darwin19.2.0/7.5.0]
  collapse library dir [/usr/local/Cellar/gcc@7/7.5.0_1/lib/gcc/7/gcc/x86_64-apple-darwin19.2.0/7.5.0/../../..] ==> [/usr/local/Cellar/gcc@7/7.5.0_1/lib/gcc/7]
  collapse library dir [/usr/local/Cellar/gcc@7/7.5.0_1/lib/gcc/7/gcc/x86_64-apple-darwin19.2.0/7.5.0] ==> [/usr/local/Cellar/gcc@7/7.5.0_1/lib/gcc/7/gcc/x86_64-apple-darwin19.2.0/7.5.0]
  collapse library dir [/usr/local/Cellar/gcc@7/7.5.0_1/lib/gcc/7] ==> [/usr/local/Cellar/gcc@7/7.5.0_1/lib/gcc/7]
  collapse library dir [/Library/Developer/CommandLineTools/SDKs/MacOSX10.15.sdk/usr/lib] ==> [/Library/Developer/CommandLineTools/SDKs/MacOSX10.15.sdk/usr/lib]
  collapse framework dir [/Library/Developer/CommandLineTools/SDKs/MacOSX10.15.sdk/System/Library/Frameworks/] ==> [/Library/Developer/CommandLineTools/SDKs/MacOSX10.15.sdk/System/Library/Frameworks]
  implicit libs: [gcc_ext.10.5;gcc]
  implicit dirs: [/usr/local/Cellar/gcc@7/7.5.0_1/lib/gcc/7/gcc/x86_64-apple-darwin19.2.0/7.5.0;/usr/local/Cellar/gcc@7/7.5.0_1/lib/gcc/7;/Library/Developer/CommandLineTools/SDKs/MacOSX10.15.sdk/usr/lib]
  implicit fwks: [/Library/Developer/CommandLineTools/SDKs/MacOSX10.15.sdk/System/Library/Frameworks]


Determining if the CXX compiler works passed with the following output:
Change Dir: /Volumes/G-DRIVE mobile USB-C/coreProp/bottom_up/cmake-build-debug/CMakeFiles/CMakeTmp

Run Build Command(s):/usr/bin/make cmTC_73a67/fast && /Library/Developer/CommandLineTools/usr/bin/make -f CMakeFiles/cmTC_73a67.dir/build.make CMakeFiles/cmTC_73a67.dir/build
Building CXX object CMakeFiles/cmTC_73a67.dir/testCXXCompiler.cxx.o
/usr/local/bin/g++-7    -isysroot /Library/Developer/CommandLineTools/SDKs/MacOSX10.15.sdk   -o CMakeFiles/cmTC_73a67.dir/testCXXCompiler.cxx.o -c "/Volumes/G-DRIVE mobile USB-C/coreProp/bottom_up/cmake-build-debug/CMakeFiles/CMakeTmp/testCXXCompiler.cxx"
Linking CXX executable cmTC_73a67
/Applications/CLion.app/Contents/bin/cmake/mac/bin/cmake -E cmake_link_script CMakeFiles/cmTC_73a67.dir/link.txt --verbose=1
/usr/local/bin/g++-7    -isysroot /Library/Developer/CommandLineTools/SDKs/MacOSX10.15.sdk -Wl,-search_paths_first -Wl,-headerpad_max_install_names   CMakeFiles/cmTC_73a67.dir/testCXXCompiler.cxx.o  -o cmTC_73a67 



Detecting CXX compiler ABI info compiled with the following output:
Change Dir: /Volumes/G-DRIVE mobile USB-C/coreProp/bottom_up/cmake-build-debug/CMakeFiles/CMakeTmp

Run Build Command(s):/usr/bin/make cmTC_7f240/fast && /Library/Developer/CommandLineTools/usr/bin/make -f CMakeFiles/cmTC_7f240.dir/build.make CMakeFiles/cmTC_7f240.dir/build
Building CXX object CMakeFiles/cmTC_7f240.dir/CMakeCXXCompilerABI.cpp.o
/usr/local/bin/g++-7    -isysroot /Library/Developer/CommandLineTools/SDKs/MacOSX10.15.sdk   -v -Wl,-v -o CMakeFiles/cmTC_7f240.dir/CMakeCXXCompilerABI.cpp.o -c /Applications/CLion.app/Contents/bin/cmake/mac/share/cmake-3.15/Modules/CMakeCXXCompilerABI.cpp
Using built-in specs.
COLLECT_GCC=/usr/local/bin/g++-7
Target: x86_64-apple-darwin19.2.0
Configured with: ../configure --build=x86_64-apple-darwin19.2.0 --prefix=/usr/local/Cellar/gcc@7/7.5.0_1 --libdir=/usr/local/Cellar/gcc@7/7.5.0_1/lib/gcc/7 --enable-languages=c,c++,objc,obj-c++,fortran --program-suffix=-7 --with-gmp=/usr/local/opt/gmp --with-mpfr=/usr/local/opt/mpfr --with-mpc=/usr/local/opt/libmpc --with-isl=/usr/local/opt/isl --with-system-zlib --enable-checking=release --with-pkgversion='Homebrew GCC 7.5.0_1' --with-bugurl=https://github.com/Homebrew/homebrew-core/issues --disable-nls --disable-multilib --with-native-system-header-dir=/usr/include --with-sysroot=/Library/Developer/CommandLineTools/SDKs/MacOSX10.15.sdk
Thread model: posix
gcc version 7.5.0 (Homebrew GCC 7.5.0_1) 
COLLECT_GCC_OPTIONS='-isysroot' '/Library/Developer/CommandLineTools/SDKs/MacOSX10.15.sdk' '-v' '-o' 'CMakeFiles/cmTC_7f240.dir/CMakeCXXCompilerABI.cpp.o' '-c' '-mmacosx-version-min=10.15.4' '-asm_macosx_version_min=10.15' '-shared-libgcc' '-mtune=core2'
 /usr/local/Cellar/gcc@7/7.5.0_1/libexec/gcc/x86_64-apple-darwin19.2.0/7.5.0/cc1plus -quiet -v -D__DYNAMIC__ -isysroot /Library/Developer/CommandLineTools/SDKs/MacOSX10.15.sdk /Applications/CLion.app/Contents/bin/cmake/mac/share/cmake-3.15/Modules/CMakeCXXCompilerABI.cpp -fPIC -quiet -dumpbase CMakeCXXCompilerABI.cpp -mmacosx-version-min=10.15.4 -mtune=core2 -auxbase-strip CMakeFiles/cmTC_7f240.dir/CMakeCXXCompilerABI.cpp.o -version -o /var/folders/j8/2w0twffd7fqcrz2pfqgqh6v80000gn/T//ccFcGbOr.s
GNU C++14 (Homebrew GCC 7.5.0_1) version 7.5.0 (x86_64-apple-darwin19.2.0)
	compiled by GNU C version 7.5.0, GMP version 6.1.2, MPFR version 4.0.2, MPC version 1.1.0, isl version isl-0.22.1-GMP

warning: GMP header version 6.1.2 differs from library version 6.2.0.
GGC heuristics: --param ggc-min-expand=100 --param ggc-min-heapsize=131072
ignoring nonexistent directory "/Library/Developer/CommandLineTools/SDKs/MacOSX10.15.sdk/usr/local/include"
ignoring nonexistent directory "/usr/local/Cellar/gcc@7/7.5.0_1/lib/gcc/7/gcc/x86_64-apple-darwin19.2.0/7.5.0/../../../../../../x86_64-apple-darwin19.2.0/include"
ignoring nonexistent directory "/Library/Developer/CommandLineTools/SDKs/MacOSX10.15.sdk/Library/Frameworks"
#include "..." search starts here:
#include <...> search starts here:
 /usr/local/Cellar/gcc@7/7.5.0_1/lib/gcc/7/gcc/x86_64-apple-darwin19.2.0/7.5.0/../../../../../../include/c++/7.5.0
 /usr/local/Cellar/gcc@7/7.5.0_1/lib/gcc/7/gcc/x86_64-apple-darwin19.2.0/7.5.0/../../../../../../include/c++/7.5.0/x86_64-apple-darwin19.2.0
 /usr/local/Cellar/gcc@7/7.5.0_1/lib/gcc/7/gcc/x86_64-apple-darwin19.2.0/7.5.0/../../../../../../include/c++/7.5.0/backward
 /usr/local/Cellar/gcc@7/7.5.0_1/lib/gcc/7/gcc/x86_64-apple-darwin19.2.0/7.5.0/include
 /usr/local/Cellar/gcc@7/7.5.0_1/lib/gcc/7/gcc/x86_64-apple-darwin19.2.0/7.5.0/include-fixed
 /Library/Developer/CommandLineTools/SDKs/MacOSX10.15.sdk/usr/include
 /Library/Developer/CommandLineTools/SDKs/MacOSX10.15.sdk/System/Library/Frameworks
End of search list.
GNU C++14 (Homebrew GCC 7.5.0_1) version 7.5.0 (x86_64-apple-darwin19.2.0)
	compiled by GNU C version 7.5.0, GMP version 6.1.2, MPFR version 4.0.2, MPC version 1.1.0, isl version isl-0.22.1-GMP

warning: GMP header version 6.1.2 differs from library version 6.2.0.
GGC heuristics: --param ggc-min-expand=100 --param ggc-min-heapsize=131072
Compiler executable checksum: c7f39048f9af29bc05629eb0943040b1
COLLECT_GCC_OPTIONS='-isysroot' '/Library/Developer/CommandLineTools/SDKs/MacOSX10.15.sdk' '-v' '-o' 'CMakeFiles/cmTC_7f240.dir/CMakeCXXCompilerABI.cpp.o' '-c' '-mmacosx-version-min=10.15.4'  '-shared-libgcc' '-mtune=core2'
 as -arch x86_64 -v -force_cpusubtype_ALL -mmacosx-version-min=10.15 -o CMakeFiles/cmTC_7f240.dir/CMakeCXXCompilerABI.cpp.o /var/folders/j8/2w0twffd7fqcrz2pfqgqh6v80000gn/T//ccFcGbOr.s
Apple clang version 11.0.3 (clang-1103.0.32.29)
Target: x86_64-apple-darwin19.4.0
Thread model: posix
InstalledDir: /Library/Developer/CommandLineTools/usr/bin
 "/Library/Developer/CommandLineTools/usr/bin/clang" -cc1as -triple x86_64-apple-macosx10.15.0 -filetype obj -main-file-name ccFcGbOr.s -target-cpu penryn -fdebug-compilation-dir "/Volumes/G-DRIVE mobile USB-C/coreProp/bottom_up/cmake-build-debug/CMakeFiles/CMakeTmp" -dwarf-debug-producer "Apple clang version 11.0.3 (clang-1103.0.32.29)" -dwarf-version=4 -mrelocation-model pic -o CMakeFiles/cmTC_7f240.dir/CMakeCXXCompilerABI.cpp.o /var/folders/j8/2w0twffd7fqcrz2pfqgqh6v80000gn/T//ccFcGbOr.s
COMPILER_PATH=/usr/local/Cellar/gcc@7/7.5.0_1/libexec/gcc/x86_64-apple-darwin19.2.0/7.5.0/:/usr/local/Cellar/gcc@7/7.5.0_1/libexec/gcc/x86_64-apple-darwin19.2.0/7.5.0/:/usr/local/Cellar/gcc@7/7.5.0_1/libexec/gcc/x86_64-apple-darwin19.2.0/:/usr/local/Cellar/gcc@7/7.5.0_1/lib/gcc/7/gcc/x86_64-apple-darwin19.2.0/7.5.0/:/usr/local/Cellar/gcc@7/7.5.0_1/lib/gcc/7/gcc/x86_64-apple-darwin19.2.0/
LIBRARY_PATH=/usr/local/Cellar/gcc@7/7.5.0_1/lib/gcc/7/gcc/x86_64-apple-darwin19.2.0/7.5.0/:/usr/local/Cellar/gcc@7/7.5.0_1/lib/gcc/7/gcc/x86_64-apple-darwin19.2.0/7.5.0/../../../
COLLECT_GCC_OPTIONS='-isysroot' '/Library/Developer/CommandLineTools/SDKs/MacOSX10.15.sdk' '-v' '-o' 'CMakeFiles/cmTC_7f240.dir/CMakeCXXCompilerABI.cpp.o' '-c' '-mmacosx-version-min=10.15.4'  '-shared-libgcc' '-mtune=core2'
Linking CXX executable cmTC_7f240
/Applications/CLion.app/Contents/bin/cmake/mac/bin/cmake -E cmake_link_script CMakeFiles/cmTC_7f240.dir/link.txt --verbose=1
/usr/local/bin/g++-7    -isysroot /Library/Developer/CommandLineTools/SDKs/MacOSX10.15.sdk -Wl,-search_paths_first -Wl,-headerpad_max_install_names  -v -Wl,-v CMakeFiles/cmTC_7f240.dir/CMakeCXXCompilerABI.cpp.o  -o cmTC_7f240 
Using built-in specs.
COLLECT_GCC=/usr/local/bin/g++-7
COLLECT_LTO_WRAPPER=/usr/local/Cellar/gcc@7/7.5.0_1/libexec/gcc/x86_64-apple-darwin19.2.0/7.5.0/lto-wrapper
Target: x86_64-apple-darwin19.2.0
Configured with: ../configure --build=x86_64-apple-darwin19.2.0 --prefix=/usr/local/Cellar/gcc@7/7.5.0_1 --libdir=/usr/local/Cellar/gcc@7/7.5.0_1/lib/gcc/7 --enable-languages=c,c++,objc,obj-c++,fortran --program-suffix=-7 --with-gmp=/usr/local/opt/gmp --with-mpfr=/usr/local/opt/mpfr --with-mpc=/usr/local/opt/libmpc --with-isl=/usr/local/opt/isl --with-system-zlib --enable-checking=release --with-pkgversion='Homebrew GCC 7.5.0_1' --with-bugurl=https://github.com/Homebrew/homebrew-core/issues --disable-nls --disable-multilib --with-native-system-header-dir=/usr/include --with-sysroot=/Library/Developer/CommandLineTools/SDKs/MacOSX10.15.sdk
Thread model: posix
gcc version 7.5.0 (Homebrew GCC 7.5.0_1) 
COMPILER_PATH=/usr/local/Cellar/gcc@7/7.5.0_1/libexec/gcc/x86_64-apple-darwin19.2.0/7.5.0/:/usr/local/Cellar/gcc@7/7.5.0_1/libexec/gcc/x86_64-apple-darwin19.2.0/7.5.0/:/usr/local/Cellar/gcc@7/7.5.0_1/libexec/gcc/x86_64-apple-darwin19.2.0/:/usr/local/Cellar/gcc@7/7.5.0_1/lib/gcc/7/gcc/x86_64-apple-darwin19.2.0/7.5.0/:/usr/local/Cellar/gcc@7/7.5.0_1/lib/gcc/7/gcc/x86_64-apple-darwin19.2.0/
LIBRARY_PATH=/usr/local/Cellar/gcc@7/7.5.0_1/lib/gcc/7/gcc/x86_64-apple-darwin19.2.0/7.5.0/:/usr/local/Cellar/gcc@7/7.5.0_1/lib/gcc/7/gcc/x86_64-apple-darwin19.2.0/7.5.0/../../../
COLLECT_GCC_OPTIONS='-isysroot' '/Library/Developer/CommandLineTools/SDKs/MacOSX10.15.sdk' '-v' '-o' 'cmTC_7f240' '-mmacosx-version-min=10.15.4' '-asm_macosx_version_min=10.15' '-shared-libgcc' '-mtune=core2'
 /usr/local/Cellar/gcc@7/7.5.0_1/libexec/gcc/x86_64-apple-darwin19.2.0/7.5.0/collect2 -dynamic -arch x86_64 -macosx_version_min 10.15.4 -syslibroot /Library/Developer/CommandLineTools/SDKs/MacOSX10.15.sdk -weak_reference_mismatches non-weak -o cmTC_7f240 -L/usr/local/Cellar/gcc@7/7.5.0_1/lib/gcc/7/gcc/x86_64-apple-darwin19.2.0/7.5.0 -L/usr/local/Cellar/gcc@7/7.5.0_1/lib/gcc/7/gcc/x86_64-apple-darwin19.2.0/7.5.0/../../.. -search_paths_first -headerpad_max_install_names -v CMakeFiles/cmTC_7f240.dir/CMakeCXXCompilerABI.cpp.o -lstdc++ -no_compact_unwind -lSystem -lgcc_ext.10.5 -lgcc -lSystem -no_compact_unwind -v
collect2 version 7.5.0
/usr/bin/ld -dynamic -arch x86_64 -macosx_version_min 10.15.4 -syslibroot /Library/Developer/CommandLineTools/SDKs/MacOSX10.15.sdk -weak_reference_mismatches non-weak -o cmTC_7f240 -L/usr/local/Cellar/gcc@7/7.5.0_1/lib/gcc/7/gcc/x86_64-apple-darwin19.2.0/7.5.0 -L/usr/local/Cellar/gcc@7/7.5.0_1/lib/gcc/7/gcc/x86_64-apple-darwin19.2.0/7.5.0/../../.. -search_paths_first -headerpad_max_install_names -v CMakeFiles/cmTC_7f240.dir/CMakeCXXCompilerABI.cpp.o -lstdc++ -no_compact_unwind -lSystem -lgcc_ext.10.5 -lgcc -lSystem -no_compact_unwind -v
@(#)PROGRAM:ld  PROJECT:ld64-556.5
BUILD 19:04:29 Mar  6 2020
configured to support archs: armv6 armv7 armv7s arm64 arm64e arm64_32 i386 x86_64 x86_64h armv6m armv7k armv7m armv7em
@(#)PROGRAM:ld  PROJECT:ld64-556.5
BUILD 19:04:29 Mar  6 2020
configured to support archs: armv6 armv7 armv7s arm64 arm64e arm64_32 i386 x86_64 x86_64h armv6m armv7k armv7m armv7em
Library search paths:
	/usr/local/Cellar/gcc@7/7.5.0_1/lib/gcc/7/gcc/x86_64-apple-darwin19.2.0/7.5.0
	/usr/local/Cellar/gcc@7/7.5.0_1/lib/gcc/7
	/Library/Developer/CommandLineTools/SDKs/MacOSX10.15.sdk/usr/lib
Framework search paths:
	/Library/Developer/CommandLineTools/SDKs/MacOSX10.15.sdk/System/Library/Frameworks/
 /usr/bin/nm -n CMakeFiles/cmTC_7f240.dir/CMakeCXXCompilerABI.cpp.o



Parsed CXX implicit include dir info from above output: rv=done
  found start of include info
  found start of implicit include info
    add: [/usr/local/Cellar/gcc@7/7.5.0_1/lib/gcc/7/gcc/x86_64-apple-darwin19.2.0/7.5.0/../../../../../../include/c++/7.5.0]
    add: [/usr/local/Cellar/gcc@7/7.5.0_1/lib/gcc/7/gcc/x86_64-apple-darwin19.2.0/7.5.0/../../../../../../include/c++/7.5.0/x86_64-apple-darwin19.2.0]
    add: [/usr/local/Cellar/gcc@7/7.5.0_1/lib/gcc/7/gcc/x86_64-apple-darwin19.2.0/7.5.0/../../../../../../include/c++/7.5.0/backward]
    add: [/usr/local/Cellar/gcc@7/7.5.0_1/lib/gcc/7/gcc/x86_64-apple-darwin19.2.0/7.5.0/include]
    add: [/usr/local/Cellar/gcc@7/7.5.0_1/lib/gcc/7/gcc/x86_64-apple-darwin19.2.0/7.5.0/include-fixed]
    add: [/Library/Developer/CommandLineTools/SDKs/MacOSX10.15.sdk/usr/include]
    add: [/Library/Developer/CommandLineTools/SDKs/MacOSX10.15.sdk/System/Library/Frameworks]
  end of search list found
  collapse include dir [/usr/local/Cellar/gcc@7/7.5.0_1/lib/gcc/7/gcc/x86_64-apple-darwin19.2.0/7.5.0/../../../../../../include/c++/7.5.0] ==> [/usr/local/Cellar/gcc@7/7.5.0_1/include/c++/7.5.0]
  collapse include dir [/usr/local/Cellar/gcc@7/7.5.0_1/lib/gcc/7/gcc/x86_64-apple-darwin19.2.0/7.5.0/../../../../../../include/c++/7.5.0/x86_64-apple-darwin19.2.0] ==> [/usr/local/Cellar/gcc@7/7.5.0_1/include/c++/7.5.0/x86_64-apple-darwin19.2.0]
  collapse include dir [/usr/local/Cellar/gcc@7/7.5.0_1/lib/gcc/7/gcc/x86_64-apple-darwin19.2.0/7.5.0/../../../../../../include/c++/7.5.0/backward] ==> [/usr/local/Cellar/gcc@7/7.5.0_1/include/c++/7.5.0/backward]
  collapse include dir [/usr/local/Cellar/gcc@7/7.5.0_1/lib/gcc/7/gcc/x86_64-apple-darwin19.2.0/7.5.0/include] ==> [/usr/local/Cellar/gcc@7/7.5.0_1/lib/gcc/7/gcc/x86_64-apple-darwin19.2.0/7.5.0/include]
  collapse include dir [/usr/local/Cellar/gcc@7/7.5.0_1/lib/gcc/7/gcc/x86_64-apple-darwin19.2.0/7.5.0/include-fixed] ==> [/usr/local/Cellar/gcc@7/7.5.0_1/lib/gcc/7/gcc/x86_64-apple-darwin19.2.0/7.5.0/include-fixed]
  collapse include dir [/Library/Developer/CommandLineTools/SDKs/MacOSX10.15.sdk/usr/include] ==> [/Library/Developer/CommandLineTools/SDKs/MacOSX10.15.sdk/usr/include]
  collapse include dir [/Library/Developer/CommandLineTools/SDKs/MacOSX10.15.sdk/System/Library/Frameworks] ==> [/Library/Developer/CommandLineTools/SDKs/MacOSX10.15.sdk/System/Library/Frameworks]
  implicit include dirs: [/usr/local/Cellar/gcc@7/7.5.0_1/include/c++/7.5.0;/usr/local/Cellar/gcc@7/7.5.0_1/include/c++/7.5.0/x86_64-apple-darwin19.2.0;/usr/local/Cellar/gcc@7/7.5.0_1/include/c++/7.5.0/backward;/usr/local/Cellar/gcc@7/7.5.0_1/lib/gcc/7/gcc/x86_64-apple-darwin19.2.0/7.5.0/include;/usr/local/Cellar/gcc@7/7.5.0_1/lib/gcc/7/gcc/x86_64-apple-darwin19.2.0/7.5.0/include-fixed;/Library/Developer/CommandLineTools/SDKs/MacOSX10.15.sdk/usr/include;/Library/Developer/CommandLineTools/SDKs/MacOSX10.15.sdk/System/Library/Frameworks]


Parsed CXX implicit link information from above output:
  link line regex: [^( *|.*[/\])(ld|CMAKE_LINK_STARTFILE-NOTFOUND|([^/\]+-)?ld|collect2)[^/\]*( |$)]
  ignore line: [Change Dir: /Volumes/G-DRIVE mobile USB-C/coreProp/bottom_up/cmake-build-debug/CMakeFiles/CMakeTmp]
  ignore line: []
  ignore line: [Run Build Command(s):/usr/bin/make cmTC_7f240/fast && /Library/Developer/CommandLineTools/usr/bin/make -f CMakeFiles/cmTC_7f240.dir/build.make CMakeFiles/cmTC_7f240.dir/build]
  ignore line: [Building CXX object CMakeFiles/cmTC_7f240.dir/CMakeCXXCompilerABI.cpp.o]
  ignore line: [/usr/local/bin/g++-7    -isysroot /Library/Developer/CommandLineTools/SDKs/MacOSX10.15.sdk   -v -Wl,-v -o CMakeFiles/cmTC_7f240.dir/CMakeCXXCompilerABI.cpp.o -c /Applications/CLion.app/Contents/bin/cmake/mac/share/cmake-3.15/Modules/CMakeCXXCompilerABI.cpp]
  ignore line: [Using built-in specs.]
  ignore line: [COLLECT_GCC=/usr/local/bin/g++-7]
  ignore line: [Target: x86_64-apple-darwin19.2.0]
  ignore line: [Configured with: ../configure --build=x86_64-apple-darwin19.2.0 --prefix=/usr/local/Cellar/gcc@7/7.5.0_1 --libdir=/usr/local/Cellar/gcc@7/7.5.0_1/lib/gcc/7 --enable-languages=c,c++,objc,obj-c++,fortran --program-suffix=-7 --with-gmp=/usr/local/opt/gmp --with-mpfr=/usr/local/opt/mpfr --with-mpc=/usr/local/opt/libmpc --with-isl=/usr/local/opt/isl --with-system-zlib --enable-checking=release --with-pkgversion='Homebrew GCC 7.5.0_1' --with-bugurl=https://github.com/Homebrew/homebrew-core/issues --disable-nls --disable-multilib --with-native-system-header-dir=/usr/include --with-sysroot=/Library/Developer/CommandLineTools/SDKs/MacOSX10.15.sdk]
  ignore line: [Thread model: posix]
  ignore line: [gcc version 7.5.0 (Homebrew GCC 7.5.0_1) ]
  ignore line: [COLLECT_GCC_OPTIONS='-isysroot' '/Library/Developer/CommandLineTools/SDKs/MacOSX10.15.sdk' '-v' '-o' 'CMakeFiles/cmTC_7f240.dir/CMakeCXXCompilerABI.cpp.o' '-c' '-mmacosx-version-min=10.15.4' '-asm_macosx_version_min=10.15' '-shared-libgcc' '-mtune=core2']
  ignore line: [ /usr/local/Cellar/gcc@7/7.5.0_1/libexec/gcc/x86_64-apple-darwin19.2.0/7.5.0/cc1plus -quiet -v -D__DYNAMIC__ -isysroot /Library/Developer/CommandLineTools/SDKs/MacOSX10.15.sdk /Applications/CLion.app/Contents/bin/cmake/mac/share/cmake-3.15/Modules/CMakeCXXCompilerABI.cpp -fPIC -quiet -dumpbase CMakeCXXCompilerABI.cpp -mmacosx-version-min=10.15.4 -mtune=core2 -auxbase-strip CMakeFiles/cmTC_7f240.dir/CMakeCXXCompilerABI.cpp.o -version -o /var/folders/j8/2w0twffd7fqcrz2pfqgqh6v80000gn/T//ccFcGbOr.s]
  ignore line: [GNU C++14 (Homebrew GCC 7.5.0_1) version 7.5.0 (x86_64-apple-darwin19.2.0)]
  ignore line: [	compiled by GNU C version 7.5.0, GMP version 6.1.2, MPFR version 4.0.2, MPC version 1.1.0, isl version isl-0.22.1-GMP]
  ignore line: []
  ignore line: [warning: GMP header version 6.1.2 differs from library version 6.2.0.]
  ignore line: [GGC heuristics: --param ggc-min-expand=100 --param ggc-min-heapsize=131072]
  ignore line: [ignoring nonexistent directory "/Library/Developer/CommandLineTools/SDKs/MacOSX10.15.sdk/usr/local/include"]
  ignore line: [ignoring nonexistent directory "/usr/local/Cellar/gcc@7/7.5.0_1/lib/gcc/7/gcc/x86_64-apple-darwin19.2.0/7.5.0/../../../../../../x86_64-apple-darwin19.2.0/include"]
  ignore line: [ignoring nonexistent directory "/Library/Developer/CommandLineTools/SDKs/MacOSX10.15.sdk/Library/Frameworks"]
  ignore line: [#include "..." search starts here:]
  ignore line: [#include <...> search starts here:]
  ignore line: [ /usr/local/Cellar/gcc@7/7.5.0_1/lib/gcc/7/gcc/x86_64-apple-darwin19.2.0/7.5.0/../../../../../../include/c++/7.5.0]
  ignore line: [ /usr/local/Cellar/gcc@7/7.5.0_1/lib/gcc/7/gcc/x86_64-apple-darwin19.2.0/7.5.0/../../../../../../include/c++/7.5.0/x86_64-apple-darwin19.2.0]
  ignore line: [ /usr/local/Cellar/gcc@7/7.5.0_1/lib/gcc/7/gcc/x86_64-apple-darwin19.2.0/7.5.0/../../../../../../include/c++/7.5.0/backward]
  ignore line: [ /usr/local/Cellar/gcc@7/7.5.0_1/lib/gcc/7/gcc/x86_64-apple-darwin19.2.0/7.5.0/include]
  ignore line: [ /usr/local/Cellar/gcc@7/7.5.0_1/lib/gcc/7/gcc/x86_64-apple-darwin19.2.0/7.5.0/include-fixed]
  ignore line: [ /Library/Developer/CommandLineTools/SDKs/MacOSX10.15.sdk/usr/include]
  ignore line: [ /Library/Developer/CommandLineTools/SDKs/MacOSX10.15.sdk/System/Library/Frameworks]
  ignore line: [End of search list.]
  ignore line: [GNU C++14 (Homebrew GCC 7.5.0_1) version 7.5.0 (x86_64-apple-darwin19.2.0)]
  ignore line: [	compiled by GNU C version 7.5.0, GMP version 6.1.2, MPFR version 4.0.2, MPC version 1.1.0, isl version isl-0.22.1-GMP]
  ignore line: []
  ignore line: [warning: GMP header version 6.1.2 differs from library version 6.2.0.]
  ignore line: [GGC heuristics: --param ggc-min-expand=100 --param ggc-min-heapsize=131072]
  ignore line: [Compiler executable checksum: c7f39048f9af29bc05629eb0943040b1]
  ignore line: [COLLECT_GCC_OPTIONS='-isysroot' '/Library/Developer/CommandLineTools/SDKs/MacOSX10.15.sdk' '-v' '-o' 'CMakeFiles/cmTC_7f240.dir/CMakeCXXCompilerABI.cpp.o' '-c' '-mmacosx-version-min=10.15.4'  '-shared-libgcc' '-mtune=core2']
  ignore line: [ as -arch x86_64 -v -force_cpusubtype_ALL -mmacosx-version-min=10.15 -o CMakeFiles/cmTC_7f240.dir/CMakeCXXCompilerABI.cpp.o /var/folders/j8/2w0twffd7fqcrz2pfqgqh6v80000gn/T//ccFcGbOr.s]
  ignore line: [Apple clang version 11.0.3 (clang-1103.0.32.29)]
  ignore line: [Target: x86_64-apple-darwin19.4.0]
  ignore line: [Thread model: posix]
  ignore line: [InstalledDir: /Library/Developer/CommandLineTools/usr/bin]
  ignore line: [ "/Library/Developer/CommandLineTools/usr/bin/clang" -cc1as -triple x86_64-apple-macosx10.15.0 -filetype obj -main-file-name ccFcGbOr.s -target-cpu penryn -fdebug-compilation-dir "/Volumes/G-DRIVE mobile USB-C/coreProp/bottom_up/cmake-build-debug/CMakeFiles/CMakeTmp" -dwarf-debug-producer "Apple clang version 11.0.3 (clang-1103.0.32.29)" -dwarf-version=4 -mrelocation-model pic -o CMakeFiles/cmTC_7f240.dir/CMakeCXXCompilerABI.cpp.o /var/folders/j8/2w0twffd7fqcrz2pfqgqh6v80000gn/T//ccFcGbOr.s]
  ignore line: [COMPILER_PATH=/usr/local/Cellar/gcc@7/7.5.0_1/libexec/gcc/x86_64-apple-darwin19.2.0/7.5.0/:/usr/local/Cellar/gcc@7/7.5.0_1/libexec/gcc/x86_64-apple-darwin19.2.0/7.5.0/:/usr/local/Cellar/gcc@7/7.5.0_1/libexec/gcc/x86_64-apple-darwin19.2.0/:/usr/local/Cellar/gcc@7/7.5.0_1/lib/gcc/7/gcc/x86_64-apple-darwin19.2.0/7.5.0/:/usr/local/Cellar/gcc@7/7.5.0_1/lib/gcc/7/gcc/x86_64-apple-darwin19.2.0/]
  ignore line: [LIBRARY_PATH=/usr/local/Cellar/gcc@7/7.5.0_1/lib/gcc/7/gcc/x86_64-apple-darwin19.2.0/7.5.0/:/usr/local/Cellar/gcc@7/7.5.0_1/lib/gcc/7/gcc/x86_64-apple-darwin19.2.0/7.5.0/../../../]
  ignore line: [COLLECT_GCC_OPTIONS='-isysroot' '/Library/Developer/CommandLineTools/SDKs/MacOSX10.15.sdk' '-v' '-o' 'CMakeFiles/cmTC_7f240.dir/CMakeCXXCompilerABI.cpp.o' '-c' '-mmacosx-version-min=10.15.4'  '-shared-libgcc' '-mtune=core2']
  ignore line: [Linking CXX executable cmTC_7f240]
  ignore line: [/Applications/CLion.app/Contents/bin/cmake/mac/bin/cmake -E cmake_link_script CMakeFiles/cmTC_7f240.dir/link.txt --verbose=1]
  ignore line: [/usr/local/bin/g++-7    -isysroot /Library/Developer/CommandLineTools/SDKs/MacOSX10.15.sdk -Wl,-search_paths_first -Wl,-headerpad_max_install_names  -v -Wl,-v CMakeFiles/cmTC_7f240.dir/CMakeCXXCompilerABI.cpp.o  -o cmTC_7f240 ]
  ignore line: [Using built-in specs.]
  ignore line: [COLLECT_GCC=/usr/local/bin/g++-7]
  ignore line: [COLLECT_LTO_WRAPPER=/usr/local/Cellar/gcc@7/7.5.0_1/libexec/gcc/x86_64-apple-darwin19.2.0/7.5.0/lto-wrapper]
  ignore line: [Target: x86_64-apple-darwin19.2.0]
  ignore line: [Configured with: ../configure --build=x86_64-apple-darwin19.2.0 --prefix=/usr/local/Cellar/gcc@7/7.5.0_1 --libdir=/usr/local/Cellar/gcc@7/7.5.0_1/lib/gcc/7 --enable-languages=c,c++,objc,obj-c++,fortran --program-suffix=-7 --with-gmp=/usr/local/opt/gmp --with-mpfr=/usr/local/opt/mpfr --with-mpc=/usr/local/opt/libmpc --with-isl=/usr/local/opt/isl --with-system-zlib --enable-checking=release --with-pkgversion='Homebrew GCC 7.5.0_1' --with-bugurl=https://github.com/Homebrew/homebrew-core/issues --disable-nls --disable-multilib --with-native-system-header-dir=/usr/include --with-sysroot=/Library/Developer/CommandLineTools/SDKs/MacOSX10.15.sdk]
  ignore line: [Thread model: posix]
  ignore line: [gcc version 7.5.0 (Homebrew GCC 7.5.0_1) ]
  ignore line: [COMPILER_PATH=/usr/local/Cellar/gcc@7/7.5.0_1/libexec/gcc/x86_64-apple-darwin19.2.0/7.5.0/:/usr/local/Cellar/gcc@7/7.5.0_1/libexec/gcc/x86_64-apple-darwin19.2.0/7.5.0/:/usr/local/Cellar/gcc@7/7.5.0_1/libexec/gcc/x86_64-apple-darwin19.2.0/:/usr/local/Cellar/gcc@7/7.5.0_1/lib/gcc/7/gcc/x86_64-apple-darwin19.2.0/7.5.0/:/usr/local/Cellar/gcc@7/7.5.0_1/lib/gcc/7/gcc/x86_64-apple-darwin19.2.0/]
  ignore line: [LIBRARY_PATH=/usr/local/Cellar/gcc@7/7.5.0_1/lib/gcc/7/gcc/x86_64-apple-darwin19.2.0/7.5.0/:/usr/local/Cellar/gcc@7/7.5.0_1/lib/gcc/7/gcc/x86_64-apple-darwin19.2.0/7.5.0/../../../]
  ignore line: [COLLECT_GCC_OPTIONS='-isysroot' '/Library/Developer/CommandLineTools/SDKs/MacOSX10.15.sdk' '-v' '-o' 'cmTC_7f240' '-mmacosx-version-min=10.15.4' '-asm_macosx_version_min=10.15' '-shared-libgcc' '-mtune=core2']
  link line: [ /usr/local/Cellar/gcc@7/7.5.0_1/libexec/gcc/x86_64-apple-darwin19.2.0/7.5.0/collect2 -dynamic -arch x86_64 -macosx_version_min 10.15.4 -syslibroot /Library/Developer/CommandLineTools/SDKs/MacOSX10.15.sdk -weak_reference_mismatches non-weak -o cmTC_7f240 -L/usr/local/Cellar/gcc@7/7.5.0_1/lib/gcc/7/gcc/x86_64-apple-darwin19.2.0/7.5.0 -L/usr/local/Cellar/gcc@7/7.5.0_1/lib/gcc/7/gcc/x86_64-apple-darwin19.2.0/7.5.0/../../.. -search_paths_first -headerpad_max_install_names -v CMakeFiles/cmTC_7f240.dir/CMakeCXXCompilerABI.cpp.o -lstdc++ -no_compact_unwind -lSystem -lgcc_ext.10.5 -lgcc -lSystem -no_compact_unwind -v]
    arg [/usr/local/Cellar/gcc@7/7.5.0_1/libexec/gcc/x86_64-apple-darwin19.2.0/7.5.0/collect2] ==> ignore
    arg [-dynamic] ==> ignore
    arg [-arch] ==> ignore
    arg [x86_64] ==> ignore
    arg [-macosx_version_min] ==> ignore
    arg [10.15.4] ==> ignore
    arg [-syslibroot] ==> ignore
    arg [/Library/Developer/CommandLineTools/SDKs/MacOSX10.15.sdk] ==> ignore
    arg [-weak_reference_mismatches] ==> ignore
    arg [non-weak] ==> ignore
    arg [-o] ==> ignore
    arg [cmTC_7f240] ==> ignore
    arg [-L/usr/local/Cellar/gcc@7/7.5.0_1/lib/gcc/7/gcc/x86_64-apple-darwin19.2.0/7.5.0] ==> dir [/usr/local/Cellar/gcc@7/7.5.0_1/lib/gcc/7/gcc/x86_64-apple-darwin19.2.0/7.5.0]
    arg [-L/usr/local/Cellar/gcc@7/7.5.0_1/lib/gcc/7/gcc/x86_64-apple-darwin19.2.0/7.5.0/../../..] ==> dir [/usr/local/Cellar/gcc@7/7.5.0_1/lib/gcc/7/gcc/x86_64-apple-darwin19.2.0/7.5.0/../../..]
    arg [-search_paths_first] ==> ignore
    arg [-headerpad_max_install_names] ==> ignore
    arg [-v] ==> ignore
    arg [CMakeFiles/cmTC_7f240.dir/CMakeCXXCompilerABI.cpp.o] ==> ignore
    arg [-lstdc++] ==> lib [stdc++]
    arg [-no_compact_unwind] ==> ignore
    arg [-lSystem] ==> lib [System]
    arg [-lgcc_ext.10.5] ==> lib [gcc_ext.10.5]
    arg [-lgcc] ==> lib [gcc]
    arg [-lSystem] ==> lib [System]
    arg [-no_compact_unwind] ==> ignore
    arg [-v] ==> ignore
  Library search paths: [;/usr/local/Cellar/gcc@7/7.5.0_1/lib/gcc/7/gcc/x86_64-apple-darwin19.2.0/7.5.0;/usr/local/Cellar/gcc@7/7.5.0_1/lib/gcc/7;/Library/Developer/CommandLineTools/SDKs/MacOSX10.15.sdk/usr/lib]
  Framework search paths: [;/Library/Developer/CommandLineTools/SDKs/MacOSX10.15.sdk/System/Library/Frameworks/]
  remove lib [System]
  remove lib [System]
  collapse library dir [/usr/local/Cellar/gcc@7/7.5.0_1/lib/gcc/7/gcc/x86_64-apple-darwin19.2.0/7.5.0] ==> [/usr/local/Cellar/gcc@7/7.5.0_1/lib/gcc/7/gcc/x86_64-apple-darwin19.2.0/7.5.0]
  collapse library dir [/usr/local/Cellar/gcc@7/7.5.0_1/lib/gcc/7/gcc/x86_64-apple-darwin19.2.0/7.5.0/../../..] ==> [/usr/local/Cellar/gcc@7/7.5.0_1/lib/gcc/7]
  collapse library dir [/usr/local/Cellar/gcc@7/7.5.0_1/lib/gcc/7/gcc/x86_64-apple-darwin19.2.0/7.5.0] ==> [/usr/local/Cellar/gcc@7/7.5.0_1/lib/gcc/7/gcc/x86_64-apple-darwin19.2.0/7.5.0]
  collapse library dir [/usr/local/Cellar/gcc@7/7.5.0_1/lib/gcc/7] ==> [/usr/local/Cellar/gcc@7/7.5.0_1/lib/gcc/7]
  collapse library dir [/Library/Developer/CommandLineTools/SDKs/MacOSX10.15.sdk/usr/lib] ==> [/Library/Developer/CommandLineTools/SDKs/MacOSX10.15.sdk/usr/lib]
  collapse framework dir [/Library/Developer/CommandLineTools/SDKs/MacOSX10.15.sdk/System/Library/Frameworks/] ==> [/Library/Developer/CommandLineTools/SDKs/MacOSX10.15.sdk/System/Library/Frameworks]
  implicit libs: [stdc++;gcc_ext.10.5;gcc]
  implicit dirs: [/usr/local/Cellar/gcc@7/7.5.0_1/lib/gcc/7/gcc/x86_64-apple-darwin19.2.0/7.5.0;/usr/local/Cellar/gcc@7/7.5.0_1/lib/gcc/7;/Library/Developer/CommandLineTools/SDKs/MacOSX10.15.sdk/usr/lib]
  implicit fwks: [/Library/Developer/CommandLineTools/SDKs/MacOSX10.15.sdk/System/Library/Frameworks]


